{"/Users/dmtrshat/Dev/Private/statemanjs/packages/statemanjs/src/helpers.ts": {"path":"/Users/dmtrshat/Dev/Private/statemanjs/packages/statemanjs/src/helpers.ts","statementMap":{"0":{"start":{"line":9,"column":4},"end":{"line":9,"column":55}},"1":{"start":{"line":16,"column":9},"end":{"line":16,"column":20}},"2":{"start":{"line":13,"column":4},"end":{"line":13,"column":36}},"3":{"start":{"line":16,"column":22},"end":{"line":16,"column":37}}},"fnMap":{"0":{"name":"formatError","decl":{"start":{"line":8,"column":9},"end":{"line":8,"column":20}},"loc":{"start":{"line":8,"column":56},"end":{"line":10,"column":1}}},"1":{"name":"getErrorMessage","decl":{"start":{"line":12,"column":9},"end":{"line":12,"column":24}},"loc":{"start":{"line":12,"column":39},"end":{"line":14,"column":1}}}},"branchMap":{},"s":{"0":1,"1":1,"2":2,"3":1},"f":{"0":1,"1":2},"b":{}}
,"/Users/dmtrshat/Dev/Private/statemanjs/packages/statemanjs/src/index.ts": {"path":"/Users/dmtrshat/Dev/Private/statemanjs/packages/statemanjs/src/index.ts","statementMap":{"0":{"start":{"line":1,"column":0},"end":{"line":1,"column":9}},"1":{"start":{"line":8,"column":9},"end":{"line":1,"column":22}},"2":{"start":{"line":8,"column":22},"end":{"line":1,"column":64}}},"fnMap":{"0":{"name":"(anonymous_0)","decl":{"start":{"line":8,"column":9},"end":{"line":8,"column":20}},"loc":{"start":{"line":8,"column":9},"end":{"line":1,"column":22}}},"1":{"name":"(anonymous_1)","decl":{"start":{"line":8,"column":22},"end":{"line":8,"column":41}},"loc":{"start":{"line":8,"column":22},"end":{"line":1,"column":64}}}},"branchMap":{},"s":{"0":1,"1":46,"2":4},"f":{"0":45,"1":3},"b":{}}
,"/Users/dmtrshat/Dev/Private/statemanjs/packages/statemanjs/src/statemanjs.ts": {"path":"/Users/dmtrshat/Dev/Private/statemanjs/packages/statemanjs/src/statemanjs.ts","statementMap":{"0":{"start":{"line":13,"column":0},"end":{"line":13,"column":57}},"1":{"start":{"line":54,"column":4},"end":{"line":54,"column":36}},"2":{"start":{"line":56,"column":4},"end":{"line":56,"column":35}},"3":{"start":{"line":59,"column":4},"end":{"line":59,"column":41}},"4":{"start":{"line":62,"column":4},"end":{"line":62,"column":39}},"5":{"start":{"line":65,"column":4},"end":{"line":65,"column":35}},"6":{"start":{"line":71,"column":4},"end":{"line":71,"column":28}},"7":{"start":{"line":77,"column":4},"end":{"line":77,"column":23}},"8":{"start":{"line":82,"column":4},"end":{"line":96,"column":6}},"9":{"start":{"line":98,"column":4},"end":{"line":98,"column":41}},"10":{"start":{"line":18,"column":8},"end":{"line":18,"column":47}},"11":{"start":{"line":19,"column":8},"end":{"line":19,"column":69}},"12":{"start":{"line":20,"column":8},"end":{"line":20,"column":59}},"13":{"start":{"line":21,"column":8},"end":{"line":21,"column":53}},"14":{"start":{"line":22,"column":8},"end":{"line":22,"column":73}},"15":{"start":{"line":23,"column":8},"end":{"line":23,"column":69}},"16":{"start":{"line":24,"column":8},"end":{"line":24,"column":63}},"17":{"start":{"line":25,"column":8},"end":{"line":25,"column":65}},"18":{"start":{"line":26,"column":8},"end":{"line":26,"column":69}},"19":{"start":{"line":27,"column":8},"end":{"line":27,"column":67}},"20":{"start":{"line":28,"column":8},"end":{"line":29,"column":54}},"21":{"start":{"line":30,"column":8},"end":{"line":30,"column":77}},"22":{"start":{"line":31,"column":8},"end":{"line":32,"column":54}},"23":{"start":{"line":33,"column":8},"end":{"line":33,"column":61}},"24":{"start":{"line":34,"column":8},"end":{"line":34,"column":71}},"25":{"start":{"line":35,"column":8},"end":{"line":35,"column":73}},"26":{"start":{"line":36,"column":8},"end":{"line":36,"column":59}},"27":{"start":{"line":37,"column":8},"end":{"line":37,"column":51}},"28":{"start":{"line":38,"column":8},"end":{"line":38,"column":63}},"29":{"start":{"line":39,"column":8},"end":{"line":39,"column":49}},"30":{"start":{"line":40,"column":8},"end":{"line":40,"column":55}},"31":{"start":{"line":41,"column":8},"end":{"line":41,"column":53}},"32":{"start":{"line":42,"column":8},"end":{"line":42,"column":69}},"33":{"start":{"line":43,"column":8},"end":{"line":44,"column":53}},"34":{"start":{"line":45,"column":8},"end":{"line":46,"column":53}},"35":{"start":{"line":47,"column":8},"end":{"line":48,"column":55}},"36":{"start":{"line":49,"column":8},"end":{"line":49,"column":67}},"37":{"start":{"line":50,"column":8},"end":{"line":50,"column":73}},"38":{"start":{"line":51,"column":8},"end":{"line":51,"column":69}},"39":{"start":{"line":101,"column":8},"end":{"line":101,"column":46}},"40":{"start":{"line":105,"column":8},"end":{"line":105,"column":42}},"41":{"start":{"line":109,"column":8},"end":{"line":109,"column":40}},"42":{"start":{"line":114,"column":8},"end":{"line":114,"column":31}},"43":{"start":{"line":119,"column":8},"end":{"line":119,"column":32}},"44":{"start":{"line":124,"column":8},"end":{"line":124,"column":31}},"45":{"start":{"line":133,"column":8},"end":{"line":135,"column":27}},"46":{"start":{"line":145,"column":8},"end":{"line":184,"column":null}},"47":{"start":{"line":147,"column":12},"end":{"line":170,"column":null}},"48":{"start":{"line":148,"column":16},"end":{"line":159,"column":null}},"49":{"start":{"line":149,"column":20},"end":{"line":149,"column":47}},"50":{"start":{"line":150,"column":36},"end":{"line":150,"column":53}},"51":{"start":{"line":151,"column":20},"end":{"line":154,"column":22}},"52":{"start":{"line":156,"column":20},"end":{"line":158,"column":22}},"53":{"start":{"line":161,"column":16},"end":{"line":163,"column":null}},"54":{"start":{"line":162,"column":20},"end":{"line":162,"column":56}},"55":{"start":{"line":164,"column":32},"end":{"line":164,"column":49}},"56":{"start":{"line":166,"column":16},"end":{"line":169,"column":18}},"57":{"start":{"line":171,"column":15},"end":{"line":184,"column":null}},"58":{"start":{"line":172,"column":12},"end":{"line":174,"column":null}},"59":{"start":{"line":173,"column":16},"end":{"line":173,"column":52}},"60":{"start":{"line":176,"column":28},"end":{"line":176,"column":45}},"61":{"start":{"line":178,"column":12},"end":{"line":181,"column":14}},"62":{"start":{"line":183,"column":12},"end":{"line":183,"column":48}},"63":{"start":{"line":189,"column":8},"end":{"line":225,"column":10}},"64":{"start":{"line":191,"column":16},"end":{"line":191,"column":67}},"65":{"start":{"line":194,"column":16},"end":{"line":217,"column":null}},"66":{"start":{"line":195,"column":20},"end":{"line":212,"column":null}},"67":{"start":{"line":196,"column":24},"end":{"line":196,"column":54}},"68":{"start":{"line":197,"column":24},"end":{"line":197,"column":43}},"69":{"start":{"line":199,"column":24},"end":{"line":211,"column":null}},"70":{"start":{"line":203,"column":44},"end":{"line":205,"column":76}},"71":{"start":{"line":205,"column":47},"end":{"line":205,"column":75}},"72":{"start":{"line":206,"column":47},"end":{"line":206,"column":64}},"73":{"start":{"line":208,"column":28},"end":{"line":210,"column":null}},"74":{"start":{"line":209,"column":32},"end":{"line":209,"column":77}},"75":{"start":{"line":214,"column":20},"end":{"line":214,"column":32}},"76":{"start":{"line":216,"column":20},"end":{"line":216,"column":57}},"77":{"start":{"line":220,"column":16},"end":{"line":220,"column":53}},"78":{"start":{"line":223,"column":16},"end":{"line":223,"column":53}},"79":{"start":{"line":233,"column":8},"end":{"line":233,"column":38}},"80":{"start":{"line":241,"column":8},"end":{"line":241,"column":48}},"81":{"start":{"line":251,"column":19},"end":{"line":251,"column":66}},"82":{"start":{"line":252,"column":8},"end":{"line":254,"column":null}},"83":{"start":{"line":253,"column":12},"end":{"line":253,"column":22}},"84":{"start":{"line":256,"column":8},"end":{"line":256,"column":38}},"85":{"start":{"line":261,"column":19},"end":{"line":261,"column":60}},"86":{"start":{"line":262,"column":8},"end":{"line":262,"column":42}},"87":{"start":{"line":264,"column":8},"end":{"line":264,"column":18}},"88":{"start":{"line":273,"column":8},"end":{"line":273,"column":63}},"89":{"start":{"line":281,"column":8},"end":{"line":288,"column":null}},"90":{"start":{"line":282,"column":12},"end":{"line":284,"column":14}},"91":{"start":{"line":283,"column":23},"end":{"line":283,"column":46}},"92":{"start":{"line":285,"column":12},"end":{"line":287,"column":14}},"93":{"start":{"line":286,"column":23},"end":{"line":286,"column":40}},"94":{"start":{"line":296,"column":8},"end":{"line":298,"column":10}},"95":{"start":{"line":297,"column":19},"end":{"line":297,"column":51}},"96":{"start":{"line":299,"column":8},"end":{"line":301,"column":10}},"97":{"start":{"line":300,"column":19},"end":{"line":300,"column":45}},"98":{"start":{"line":306,"column":8},"end":{"line":306,"column":43}},"99":{"start":{"line":311,"column":8},"end":{"line":311,"column":44}},"100":{"start":{"line":316,"column":8},"end":{"line":316,"column":43}},"101":{"start":{"line":321,"column":8},"end":{"line":321,"column":36}},"102":{"start":{"line":326,"column":8},"end":{"line":326,"column":37}},"103":{"start":{"line":331,"column":8},"end":{"line":331,"column":36}},"104":{"start":{"line":336,"column":8},"end":{"line":362,"column":null}},"105":{"start":{"line":337,"column":52},"end":{"line":337,"column":54}},"106":{"start":{"line":339,"column":12},"end":{"line":357,"column":15}},"107":{"start":{"line":340,"column":16},"end":{"line":356,"column":null}},"108":{"start":{"line":341,"column":20},"end":{"line":347,"column":null}},"109":{"start":{"line":342,"column":24},"end":{"line":342,"column":34}},"110":{"start":{"line":344,"column":24},"end":{"line":346,"column":null}},"111":{"start":{"line":345,"column":28},"end":{"line":345,"column":38}},"112":{"start":{"line":349,"column":20},"end":{"line":349,"column":56}},"113":{"start":{"line":351,"column":20},"end":{"line":355,"column":22}},"114":{"start":{"line":359,"column":12},"end":{"line":361,"column":null}},"115":{"start":{"line":360,"column":16},"end":{"line":360,"column":61}},"116":{"start":{"line":370,"column":8},"end":{"line":370,"column":47}},"117":{"start":{"line":375,"column":8},"end":{"line":377,"column":10}},"118":{"start":{"line":376,"column":19},"end":{"line":376,"column":32}},"119":{"start":{"line":378,"column":8},"end":{"line":378,"column":78}},"120":{"start":{"line":378,"column":69},"end":{"line":378,"column":76}},"121":{"start":{"line":383,"column":8},"end":{"line":383,"column":42}},"122":{"start":{"line":387,"column":8},"end":{"line":387,"column":31}},"123":{"start":{"line":391,"column":8},"end":{"line":391,"column":34}},"124":{"start":{"line":395,"column":8},"end":{"line":395,"column":32}},"125":{"start":{"line":399,"column":8},"end":{"line":405,"column":null}},"126":{"start":{"line":399,"column":21},"end":{"line":399,"column":22}},"127":{"start":{"line":400,"column":12},"end":{"line":404,"column":null}},"128":{"start":{"line":400,"column":25},"end":{"line":400,"column":26}},"129":{"start":{"line":401,"column":16},"end":{"line":403,"column":null}},"130":{"start":{"line":402,"column":20},"end":{"line":402,"column":32}},"131":{"start":{"line":406,"column":8},"end":{"line":406,"column":21}},"132":{"start":{"line":411,"column":4},"end":{"line":411,"column":36}},"133":{"start":{"line":436,"column":4},"end":{"line":436,"column":49}},"134":{"start":{"line":442,"column":4},"end":{"line":442,"column":35}},"135":{"start":{"line":417,"column":8},"end":{"line":417,"column":39}},"136":{"start":{"line":418,"column":8},"end":{"line":418,"column":39}},"137":{"start":{"line":419,"column":8},"end":{"line":419,"column":51}},"138":{"start":{"line":420,"column":8},"end":{"line":420,"column":61}},"139":{"start":{"line":421,"column":8},"end":{"line":422,"column":54}},"140":{"start":{"line":423,"column":8},"end":{"line":423,"column":45}},"141":{"start":{"line":424,"column":8},"end":{"line":424,"column":45}},"142":{"start":{"line":427,"column":8},"end":{"line":427,"column":65}},"143":{"start":{"line":430,"column":8},"end":{"line":433,"column":10}},"144":{"start":{"line":451,"column":8},"end":{"line":474,"column":null}},"145":{"start":{"line":452,"column":12},"end":{"line":452,"column":46}},"146":{"start":{"line":453,"column":12},"end":{"line":453,"column":47}},"147":{"start":{"line":454,"column":12},"end":{"line":454,"column":63}},"148":{"start":{"line":455,"column":12},"end":{"line":455,"column":46}},"149":{"start":{"line":457,"column":12},"end":{"line":459,"column":null}},"150":{"start":{"line":458,"column":16},"end":{"line":458,"column":29}},"151":{"start":{"line":461,"column":12},"end":{"line":461,"column":49}},"152":{"start":{"line":462,"column":12},"end":{"line":462,"column":51}},"153":{"start":{"line":463,"column":12},"end":{"line":463,"column":55}},"154":{"start":{"line":464,"column":12},"end":{"line":464,"column":47}},"155":{"start":{"line":466,"column":12},"end":{"line":466,"column":24}},"156":{"start":{"line":468,"column":12},"end":{"line":473,"column":14}},"157":{"start":{"line":479,"column":8},"end":{"line":479,"column":55}},"158":{"start":{"line":500,"column":29},"end":{"line":500,"column":65}},"159":{"start":{"line":502,"column":34},"end":{"line":502,"column":69}},"160":{"start":{"line":504,"column":8},"end":{"line":509,"column":null}},"161":{"start":{"line":508,"column":12},"end":{"line":508,"column":57}},"162":{"start":{"line":511,"column":8},"end":{"line":543,"column":11}},"163":{"start":{"line":513,"column":25},"end":{"line":513,"column":51}},"164":{"start":{"line":515,"column":16},"end":{"line":535,"column":null}},"165":{"start":{"line":516,"column":20},"end":{"line":520,"column":null}},"166":{"start":{"line":517,"column":24},"end":{"line":519,"column":26}},"167":{"start":{"line":522,"column":20},"end":{"line":534,"column":null}},"168":{"start":{"line":523,"column":24},"end":{"line":526,"column":26}},"169":{"start":{"line":528,"column":24},"end":{"line":533,"column":26}},"170":{"start":{"line":537,"column":16},"end":{"line":540,"column":18}},"171":{"start":{"line":545,"column":8},"end":{"line":554,"column":10}},"172":{"start":{"line":546,"column":12},"end":{"line":551,"column":null}},"173":{"start":{"line":550,"column":16},"end":{"line":550,"column":62}},"174":{"start":{"line":553,"column":12},"end":{"line":553,"column":56}},"175":{"start":{"line":559,"column":8},"end":{"line":559,"column":54}},"176":{"start":{"line":560,"column":8},"end":{"line":560,"column":39}},"177":{"start":{"line":568,"column":8},"end":{"line":568,"column":57}},"178":{"start":{"line":576,"column":8},"end":{"line":596,"column":null}},"179":{"start":{"line":577,"column":12},"end":{"line":577,"column":49}},"180":{"start":{"line":578,"column":12},"end":{"line":578,"column":47}},"181":{"start":{"line":579,"column":12},"end":{"line":579,"column":33}},"182":{"start":{"line":580,"column":12},"end":{"line":580,"column":46}},"183":{"start":{"line":582,"column":12},"end":{"line":584,"column":null}},"184":{"start":{"line":583,"column":16},"end":{"line":583,"column":29}},"185":{"start":{"line":586,"column":12},"end":{"line":586,"column":49}},"186":{"start":{"line":587,"column":12},"end":{"line":587,"column":51}},"187":{"start":{"line":588,"column":12},"end":{"line":588,"column":55}},"188":{"start":{"line":589,"column":12},"end":{"line":589,"column":47}},"189":{"start":{"line":591,"column":12},"end":{"line":591,"column":24}},"190":{"start":{"line":593,"column":12},"end":{"line":595,"column":14}},"191":{"start":{"line":604,"column":8},"end":{"line":604,"column":36}},"192":{"start":{"line":605,"column":26},"end":{"line":605,"column":36}},"193":{"start":{"line":606,"column":8},"end":{"line":606,"column":35}},"194":{"start":{"line":608,"column":8},"end":{"line":608,"column":25}},"195":{"start":{"line":620,"column":8},"end":{"line":628,"column":null}},"196":{"start":{"line":621,"column":12},"end":{"line":621,"column":31}},"197":{"start":{"line":623,"column":12},"end":{"line":627,"column":14}},"198":{"start":{"line":637,"column":25},"end":{"line":637,"column":56}},"199":{"start":{"line":637,"column":34},"end":{"line":637,"column":56}},"200":{"start":{"line":638,"column":8},"end":{"line":638,"column":56}},"201":{"start":{"line":671,"column":4},"end":{"line":671,"column":34}},"202":{"start":{"line":647,"column":8},"end":{"line":649,"column":null}},"203":{"start":{"line":648,"column":12},"end":{"line":648,"column":32}},"204":{"start":{"line":651,"column":8},"end":{"line":651,"column":58}},"205":{"start":{"line":653,"column":8},"end":{"line":660,"column":null}},"206":{"start":{"line":654,"column":12},"end":{"line":659,"column":14}},"207":{"start":{"line":656,"column":20},"end":{"line":656,"column":53}},"208":{"start":{"line":663,"column":8},"end":{"line":663,"column":39}},"209":{"start":{"line":664,"column":8},"end":{"line":664,"column":51}},"210":{"start":{"line":665,"column":8},"end":{"line":665,"column":61}},"211":{"start":{"line":666,"column":8},"end":{"line":667,"column":54}},"212":{"start":{"line":668,"column":8},"end":{"line":668,"column":45}},"213":{"start":{"line":675,"column":8},"end":{"line":675,"column":38}},"214":{"start":{"line":696,"column":8},"end":{"line":696,"column":79}},"215":{"start":{"line":701,"column":8},"end":{"line":701,"column":42}},"216":{"start":{"line":709,"column":8},"end":{"line":709,"column":60}},"217":{"start":{"line":717,"column":8},"end":{"line":717,"column":41}},"218":{"start":{"line":722,"column":4},"end":{"line":722,"column":36}},"219":{"start":{"line":721,"column":0},"end":{"line":721,"column":16}},"220":{"start":{"line":729,"column":4},"end":{"line":729,"column":54}},"221":{"start":{"line":725,"column":0},"end":{"line":725,"column":16}}},"fnMap":{"0":{"name":"(anonymous_9)","decl":{"start":{"line":16,"column":4},"end":{"line":16,"column":null}},"loc":{"start":{"line":16,"column":4},"end":{"line":52,"column":5}}},"1":{"name":"(anonymous_10)","decl":{"start":{"line":100,"column":4},"end":{"line":100,"column":28}},"loc":{"start":{"line":100,"column":41},"end":{"line":102,"column":5}}},"2":{"name":"(anonymous_11)","decl":{"start":{"line":104,"column":4},"end":{"line":104,"column":28}},"loc":{"start":{"line":104,"column":28},"end":{"line":106,"column":5}}},"3":{"name":"(anonymous_12)","decl":{"start":{"line":108,"column":4},"end":{"line":108,"column":30}},"loc":{"start":{"line":108,"column":30},"end":{"line":110,"column":5}}},"4":{"name":"(anonymous_13)","decl":{"start":{"line":113,"column":4},"end":{"line":113,"column":23}},"loc":{"start":{"line":113,"column":23},"end":{"line":115,"column":5}}},"5":{"name":"(anonymous_14)","decl":{"start":{"line":118,"column":4},"end":{"line":118,"column":24}},"loc":{"start":{"line":118,"column":24},"end":{"line":120,"column":5}}},"6":{"name":"(anonymous_15)","decl":{"start":{"line":123,"column":4},"end":{"line":123,"column":17}},"loc":{"start":{"line":123,"column":17},"end":{"line":125,"column":5}}},"7":{"name":"(anonymous_16)","decl":{"start":{"line":132,"column":4},"end":{"line":132,"column":13}},"loc":{"start":{"line":132,"column":36},"end":{"line":136,"column":5}}},"8":{"name":"(anonymous_17)","decl":{"start":{"line":144,"column":4},"end":{"line":144,"column":19}},"loc":{"start":{"line":144,"column":58},"end":{"line":185,"column":5}}},"9":{"name":"(anonymous_18)","decl":{"start":{"line":188,"column":4},"end":{"line":188,"column":11}},"loc":{"start":{"line":188,"column":57},"end":{"line":226,"column":5}}},"10":{"name":"(anonymous_19)","decl":{"start":{"line":190,"column":12},"end":{"line":190,"column":15}},"loc":{"start":{"line":190,"column":38},"end":{"line":192,"column":13}}},"11":{"name":"(anonymous_20)","decl":{"start":{"line":193,"column":12},"end":{"line":193,"column":15}},"loc":{"start":{"line":193,"column":48},"end":{"line":218,"column":13}}},"12":{"name":"(anonymous_21)","decl":{"start":{"line":205,"column":40},"end":{"line":205,"column":41}},"loc":{"start":{"line":205,"column":47},"end":{"line":205,"column":75}}},"13":{"name":"(anonymous_22)","decl":{"start":{"line":219,"column":12},"end":{"line":219,"column":26}},"loc":{"start":{"line":219,"column":26},"end":{"line":221,"column":13}}},"14":{"name":"(anonymous_23)","decl":{"start":{"line":222,"column":12},"end":{"line":222,"column":26}},"loc":{"start":{"line":222,"column":26},"end":{"line":224,"column":13}}},"15":{"name":"(anonymous_24)","decl":{"start":{"line":232,"column":4},"end":{"line":232,"column":22}},"loc":{"start":{"line":232,"column":22},"end":{"line":234,"column":5}}},"16":{"name":"(anonymous_25)","decl":{"start":{"line":240,"column":4},"end":{"line":240,"column":17}},"loc":{"start":{"line":240,"column":40},"end":{"line":242,"column":5}}},"17":{"name":"(anonymous_26)","decl":{"start":{"line":250,"column":4},"end":{"line":250,"column":14}},"loc":{"start":{"line":250,"column":43},"end":{"line":257,"column":5}}},"18":{"name":"(anonymous_27)","decl":{"start":{"line":260,"column":4},"end":{"line":260,"column":24}},"loc":{"start":{"line":260,"column":24},"end":{"line":265,"column":5}}},"19":{"name":"(anonymous_28)","decl":{"start":{"line":272,"column":4},"end":{"line":272,"column":22}},"loc":{"start":{"line":272,"column":43},"end":{"line":274,"column":5}}},"20":{"name":"(anonymous_29)","decl":{"start":{"line":280,"column":4},"end":{"line":280,"column":19}},"loc":{"start":{"line":280,"column":40},"end":{"line":289,"column":5}}},"21":{"name":"(anonymous_30)","decl":{"start":{"line":283,"column":16},"end":{"line":283,"column":17}},"loc":{"start":{"line":283,"column":23},"end":{"line":283,"column":46}}},"22":{"name":"(anonymous_31)","decl":{"start":{"line":286,"column":16},"end":{"line":286,"column":17}},"loc":{"start":{"line":286,"column":23},"end":{"line":286,"column":40}}},"23":{"name":"(anonymous_32)","decl":{"start":{"line":295,"column":4},"end":{"line":295,"column":20}},"loc":{"start":{"line":295,"column":44},"end":{"line":302,"column":5}}},"24":{"name":"(anonymous_33)","decl":{"start":{"line":297,"column":12},"end":{"line":297,"column":13}},"loc":{"start":{"line":297,"column":19},"end":{"line":297,"column":51}}},"25":{"name":"(anonymous_34)","decl":{"start":{"line":300,"column":12},"end":{"line":300,"column":13}},"loc":{"start":{"line":300,"column":19},"end":{"line":300,"column":45}}},"26":{"name":"(anonymous_35)","decl":{"start":{"line":305,"column":4},"end":{"line":305,"column":22}},"loc":{"start":{"line":305,"column":22},"end":{"line":307,"column":5}}},"27":{"name":"(anonymous_36)","decl":{"start":{"line":310,"column":4},"end":{"line":310,"column":21}},"loc":{"start":{"line":310,"column":21},"end":{"line":312,"column":5}}},"28":{"name":"(anonymous_37)","decl":{"start":{"line":315,"column":4},"end":{"line":315,"column":29}},"loc":{"start":{"line":315,"column":29},"end":{"line":317,"column":5}}},"29":{"name":"(anonymous_38)","decl":{"start":{"line":320,"column":4},"end":{"line":320,"column":15}},"loc":{"start":{"line":320,"column":15},"end":{"line":322,"column":5}}},"30":{"name":"(anonymous_39)","decl":{"start":{"line":325,"column":4},"end":{"line":325,"column":14}},"loc":{"start":{"line":325,"column":14},"end":{"line":327,"column":5}}},"31":{"name":"(anonymous_40)","decl":{"start":{"line":330,"column":4},"end":{"line":330,"column":22}},"loc":{"start":{"line":330,"column":22},"end":{"line":332,"column":5}}},"32":{"name":"(anonymous_41)","decl":{"start":{"line":335,"column":4},"end":{"line":335,"column":26}},"loc":{"start":{"line":335,"column":26},"end":{"line":363,"column":5}}},"33":{"name":"(anonymous_42)","decl":{"start":{"line":339,"column":43},"end":{"line":339,"column":44}},"loc":{"start":{"line":339,"column":49},"end":{"line":357,"column":13}}},"34":{"name":"(anonymous_43)","decl":{"start":{"line":369,"column":4},"end":{"line":369,"column":29}},"loc":{"start":{"line":369,"column":29},"end":{"line":371,"column":5}}},"35":{"name":"(anonymous_44)","decl":{"start":{"line":374,"column":4},"end":{"line":374,"column":18}},"loc":{"start":{"line":374,"column":18},"end":{"line":379,"column":5}}},"36":{"name":"(anonymous_45)","decl":{"start":{"line":376,"column":12},"end":{"line":376,"column":13}},"loc":{"start":{"line":376,"column":19},"end":{"line":376,"column":32}}},"37":{"name":"(anonymous_46)","decl":{"start":{"line":378,"column":62},"end":{"line":378,"column":63}},"loc":{"start":{"line":378,"column":69},"end":{"line":378,"column":76}}},"38":{"name":"(anonymous_47)","decl":{"start":{"line":382,"column":4},"end":{"line":382,"column":12}},"loc":{"start":{"line":382,"column":28},"end":{"line":384,"column":5}}},"39":{"name":"(anonymous_48)","decl":{"start":{"line":386,"column":4},"end":{"line":386,"column":21}},"loc":{"start":{"line":386,"column":21},"end":{"line":388,"column":5}}},"40":{"name":"(anonymous_49)","decl":{"start":{"line":390,"column":4},"end":{"line":390,"column":24}},"loc":{"start":{"line":390,"column":24},"end":{"line":392,"column":5}}},"41":{"name":"(anonymous_50)","decl":{"start":{"line":394,"column":4},"end":{"line":394,"column":22}},"loc":{"start":{"line":394,"column":22},"end":{"line":396,"column":5}}},"42":{"name":"(anonymous_51)","decl":{"start":{"line":398,"column":4},"end":{"line":398,"column":30}},"loc":{"start":{"line":398,"column":68},"end":{"line":407,"column":5}}},"43":{"name":"_createStatemanjsBase","decl":{"start":{"line":410,"column":9},"end":{"line":410,"column":30}},"loc":{"start":{"line":410,"column":30},"end":{"line":412,"column":1}}},"44":{"name":"(anonymous_53)","decl":{"start":{"line":415,"column":4},"end":{"line":415,"column":16}},"loc":{"start":{"line":415,"column":26},"end":{"line":434,"column":5}}},"45":{"name":"(anonymous_54)","decl":{"start":{"line":450,"column":4},"end":{"line":450,"column":7}},"loc":{"start":{"line":450,"column":19},"end":{"line":475,"column":5}}},"46":{"name":"(anonymous_55)","decl":{"start":{"line":478,"column":4},"end":{"line":478,"column":7}},"loc":{"start":{"line":478,"column":7},"end":{"line":480,"column":5}}},"47":{"name":"(anonymous_56)","decl":{"start":{"line":496,"column":4},"end":{"line":496,"column":13}},"loc":{"start":{"line":498,"column":56},"end":{"line":555,"column":5}}},"48":{"name":"(anonymous_57)","decl":{"start":{"line":513,"column":19},"end":{"line":513,"column":22}},"loc":{"start":{"line":513,"column":25},"end":{"line":513,"column":51}}},"49":{"name":"(anonymous_58)","decl":{"start":{"line":514,"column":29},"end":{"line":514,"column":41}},"loc":{"start":{"line":514,"column":43},"end":{"line":541,"column":13}}},"50":{"name":"(anonymous_59)","decl":{"start":{"line":545,"column":15},"end":{"line":545,"column":24}},"loc":{"start":{"line":545,"column":26},"end":{"line":554,"column":9}}},"51":{"name":"(anonymous_60)","decl":{"start":{"line":558,"column":4},"end":{"line":558,"column":18}},"loc":{"start":{"line":558,"column":18},"end":{"line":561,"column":5}}},"52":{"name":"(anonymous_61)","decl":{"start":{"line":567,"column":4},"end":{"line":567,"column":29}},"loc":{"start":{"line":567,"column":29},"end":{"line":569,"column":5}}},"53":{"name":"(anonymous_62)","decl":{"start":{"line":575,"column":4},"end":{"line":575,"column":10}},"loc":{"start":{"line":575,"column":32},"end":{"line":597,"column":5}}},"54":{"name":"(anonymous_63)","decl":{"start":{"line":603,"column":4},"end":{"line":603,"column":10}},"loc":{"start":{"line":603,"column":10},"end":{"line":609,"column":5}}},"55":{"name":"(anonymous_64)","decl":{"start":{"line":617,"column":10},"end":{"line":617,"column":21}},"loc":{"start":{"line":618,"column":65},"end":{"line":629,"column":null}}},"56":{"name":"(anonymous_66)","decl":{"start":{"line":636,"column":4},"end":{"line":636,"column":18}},"loc":{"start":{"line":636,"column":49},"end":{"line":639,"column":5}}},"57":{"name":"(anonymous_67)","decl":{"start":{"line":637,"column":25},"end":{"line":637,"column":31}},"loc":{"start":{"line":637,"column":34},"end":{"line":637,"column":56}}},"58":{"name":"(anonymous_68)","decl":{"start":{"line":643,"column":4},"end":{"line":643,"column":null}},"loc":{"start":{"line":645,"column":65},"end":{"line":669,"column":5}}},"59":{"name":"(anonymous_69)","decl":{"start":{"line":655,"column":16},"end":{"line":655,"column":25}},"loc":{"start":{"line":655,"column":27},"end":{"line":657,"column":17}}},"60":{"name":"(anonymous_70)","decl":{"start":{"line":674,"column":4},"end":{"line":674,"column":7}},"loc":{"start":{"line":674,"column":7},"end":{"line":676,"column":5}}},"61":{"name":"(anonymous_71)","decl":{"start":{"line":692,"column":4},"end":{"line":692,"column":13}},"loc":{"start":{"line":694,"column":64},"end":{"line":697,"column":5}}},"62":{"name":"(anonymous_72)","decl":{"start":{"line":700,"column":4},"end":{"line":700,"column":18}},"loc":{"start":{"line":700,"column":18},"end":{"line":702,"column":5}}},"63":{"name":"(anonymous_73)","decl":{"start":{"line":708,"column":4},"end":{"line":708,"column":29}},"loc":{"start":{"line":708,"column":29},"end":{"line":710,"column":5}}},"64":{"name":"(anonymous_74)","decl":{"start":{"line":716,"column":4},"end":{"line":716,"column":10}},"loc":{"start":{"line":716,"column":10},"end":{"line":718,"column":5}}},"65":{"name":"createState","decl":{"start":{"line":721,"column":16},"end":{"line":721,"column":27}},"loc":{"start":{"line":721,"column":41},"end":{"line":723,"column":1}}},"66":{"name":"createComputedState","decl":{"start":{"line":725,"column":16},"end":{"line":725,"column":35}},"loc":{"start":{"line":727,"column":30},"end":{"line":730,"column":1}}}},"branchMap":{"0":{"loc":{"start":{"line":133,"column":15},"end":{"line":135,"column":26}},"type":"cond-expr","locations":[{"start":{"line":134,"column":14},"end":{"line":134,"column":39}},{"start":{"line":135,"column":14},"end":{"line":135,"column":26}}]},"1":{"loc":{"start":{"line":145,"column":8},"end":{"line":184,"column":null}},"type":"if","locations":[{"start":{"line":145,"column":8},"end":{"line":184,"column":null}},{"start":{"line":171,"column":15},"end":{"line":184,"column":null}}]},"2":{"loc":{"start":{"line":147,"column":12},"end":{"line":170,"column":null}},"type":"if","locations":[{"start":{"line":147,"column":12},"end":{"line":170,"column":null}},{"start":{"line":160,"column":19},"end":{"line":170,"column":null}}]},"3":{"loc":{"start":{"line":148,"column":16},"end":{"line":159,"column":null}},"type":"if","locations":[{"start":{"line":148,"column":16},"end":{"line":159,"column":null}},{"start":{"line":155,"column":23},"end":{"line":159,"column":null}}]},"4":{"loc":{"start":{"line":161,"column":16},"end":{"line":163,"column":null}},"type":"if","locations":[{"start":{"line":161,"column":16},"end":{"line":163,"column":null}}]},"5":{"loc":{"start":{"line":171,"column":15},"end":{"line":184,"column":null}},"type":"if","locations":[{"start":{"line":171,"column":15},"end":{"line":184,"column":null}},{"start":{"line":182,"column":15},"end":{"line":184,"column":null}}]},"6":{"loc":{"start":{"line":171,"column":19},"end":{"line":171,"column":71}},"type":"binary-expr","locations":[{"start":{"line":171,"column":19},"end":{"line":171,"column":46}},{"start":{"line":171,"column":50},"end":{"line":171,"column":71}}]},"7":{"loc":{"start":{"line":172,"column":12},"end":{"line":174,"column":null}},"type":"if","locations":[{"start":{"line":172,"column":12},"end":{"line":174,"column":null}}]},"8":{"loc":{"start":{"line":194,"column":16},"end":{"line":217,"column":null}},"type":"if","locations":[{"start":{"line":194,"column":16},"end":{"line":217,"column":null}},{"start":{"line":215,"column":23},"end":{"line":217,"column":null}}]},"9":{"loc":{"start":{"line":195,"column":20},"end":{"line":212,"column":null}},"type":"if","locations":[{"start":{"line":195,"column":20},"end":{"line":212,"column":null}}]},"10":{"loc":{"start":{"line":199,"column":24},"end":{"line":211,"column":null}},"type":"if","locations":[{"start":{"line":199,"column":24},"end":{"line":211,"column":null}}]},"11":{"loc":{"start":{"line":200,"column":28},"end":{"line":201,"column":58}},"type":"binary-expr","locations":[{"start":{"line":200,"column":28},"end":{"line":200,"column":59}},{"start":{"line":201,"column":28},"end":{"line":201,"column":58}}]},"12":{"loc":{"start":{"line":208,"column":28},"end":{"line":210,"column":null}},"type":"if","locations":[{"start":{"line":208,"column":28},"end":{"line":210,"column":null}}]},"13":{"loc":{"start":{"line":250,"column":32},"end":{"line":250,"column":43}},"type":"default-arg","locations":[{"start":{"line":250,"column":41},"end":{"line":250,"column":43}}]},"14":{"loc":{"start":{"line":252,"column":8},"end":{"line":254,"column":null}},"type":"if","locations":[{"start":{"line":252,"column":8},"end":{"line":254,"column":null}}]},"15":{"loc":{"start":{"line":281,"column":8},"end":{"line":288,"column":null}},"type":"if","locations":[{"start":{"line":281,"column":8},"end":{"line":288,"column":null}}]},"16":{"loc":{"start":{"line":336,"column":8},"end":{"line":362,"column":null}},"type":"if","locations":[{"start":{"line":336,"column":8},"end":{"line":362,"column":null}}]},"17":{"loc":{"start":{"line":341,"column":20},"end":{"line":347,"column":null}},"type":"if","locations":[{"start":{"line":341,"column":20},"end":{"line":347,"column":null}},{"start":{"line":343,"column":27},"end":{"line":347,"column":null}}]},"18":{"loc":{"start":{"line":344,"column":24},"end":{"line":346,"column":null}},"type":"if","locations":[{"start":{"line":344,"column":24},"end":{"line":346,"column":null}}]},"19":{"loc":{"start":{"line":359,"column":12},"end":{"line":361,"column":null}},"type":"if","locations":[{"start":{"line":359,"column":12},"end":{"line":361,"column":null}}]},"20":{"loc":{"start":{"line":401,"column":16},"end":{"line":403,"column":null}},"type":"if","locations":[{"start":{"line":401,"column":16},"end":{"line":403,"column":null}}]},"21":{"loc":{"start":{"line":457,"column":12},"end":{"line":459,"column":null}},"type":"if","locations":[{"start":{"line":457,"column":12},"end":{"line":459,"column":null}}]},"22":{"loc":{"start":{"line":498,"column":8},"end":{"line":498,"column":56}},"type":"default-arg","locations":[{"start":{"line":498,"column":54},"end":{"line":498,"column":56}}]},"23":{"loc":{"start":{"line":504,"column":8},"end":{"line":509,"column":null}},"type":"if","locations":[{"start":{"line":504,"column":8},"end":{"line":509,"column":null}}]},"24":{"loc":{"start":{"line":505,"column":12},"end":{"line":506,"column":53}},"type":"binary-expr","locations":[{"start":{"line":505,"column":12},"end":{"line":505,"column":42}},{"start":{"line":506,"column":12},"end":{"line":506,"column":53}}]},"25":{"loc":{"start":{"line":515,"column":16},"end":{"line":535,"column":null}},"type":"if","locations":[{"start":{"line":515,"column":16},"end":{"line":535,"column":null}}]},"26":{"loc":{"start":{"line":516,"column":20},"end":{"line":520,"column":null}},"type":"if","locations":[{"start":{"line":516,"column":20},"end":{"line":520,"column":null}}]},"27":{"loc":{"start":{"line":538,"column":20},"end":{"line":539,"column":49}},"type":"binary-expr","locations":[{"start":{"line":538,"column":20},"end":{"line":538,"column":51}},{"start":{"line":539,"column":20},"end":{"line":539,"column":49}}]},"28":{"loc":{"start":{"line":542,"column":25},"end":{"line":542,"column":61}},"type":"cond-expr","locations":[{"start":{"line":542,"column":52},"end":{"line":542,"column":56}},{"start":{"line":542,"column":56},"end":{"line":542,"column":61}}]},"29":{"loc":{"start":{"line":542,"column":25},"end":{"line":542,"column":56}},"type":"binary-expr","locations":[{"start":{"line":542,"column":25},"end":{"line":542,"column":56}},{"start":{"line":542,"column":52},"end":{"line":542,"column":56}}]},"30":{"loc":{"start":{"line":546,"column":12},"end":{"line":551,"column":null}},"type":"if","locations":[{"start":{"line":546,"column":12},"end":{"line":551,"column":null}}]},"31":{"loc":{"start":{"line":547,"column":16},"end":{"line":548,"column":59}},"type":"binary-expr","locations":[{"start":{"line":547,"column":16},"end":{"line":547,"column":47}},{"start":{"line":548,"column":16},"end":{"line":548,"column":59}}]},"32":{"loc":{"start":{"line":582,"column":12},"end":{"line":584,"column":null}},"type":"if","locations":[{"start":{"line":582,"column":12},"end":{"line":584,"column":null}}]},"33":{"loc":{"start":{"line":647,"column":8},"end":{"line":649,"column":null}},"type":"if","locations":[{"start":{"line":647,"column":8},"end":{"line":649,"column":null}}]}},"s":{"0":1,"1":48,"2":48,"3":48,"4":48,"5":48,"6":48,"7":48,"8":48,"9":48,"10":48,"11":48,"12":48,"13":48,"14":48,"15":48,"16":48,"17":48,"18":48,"19":48,"20":48,"21":48,"22":48,"23":48,"24":48,"25":48,"26":48,"27":48,"28":48,"29":48,"30":48,"31":48,"32":48,"33":48,"34":48,"35":48,"36":48,"37":48,"38":48,"39":7,"40":8,"41":37,"42":40,"43":37,"44":38,"45":235,"46":245,"47":22,"48":22,"49":12,"50":12,"51":12,"52":10,"53":0,"54":0,"55":0,"56":0,"57":223,"58":120,"59":14,"60":106,"61":106,"62":103,"63":166,"64":245,"65":31,"66":29,"67":28,"68":28,"69":28,"70":7,"71":14,"72":7,"73":7,"74":7,"75":29,"76":2,"77":1,"78":0,"79":48,"80":15,"81":15,"82":15,"83":15,"84":0,"85":15,"86":15,"87":15,"88":0,"89":0,"90":0,"91":0,"92":0,"93":0,"94":1,"95":1,"96":1,"97":1,"98":38,"99":38,"100":53,"101":14,"102":14,"103":120,"104":37,"105":22,"106":22,"107":22,"108":22,"109":0,"110":22,"111":14,"112":1,"113":1,"114":22,"115":1,"116":3,"117":1,"118":3,"119":1,"120":1,"121":231,"122":16,"123":22,"124":37,"125":8,"126":8,"127":8,"128":8,"129":7,"130":1,"131":7,"132":48,"133":48,"134":48,"135":48,"136":48,"137":48,"138":48,"139":48,"140":48,"141":48,"142":48,"143":48,"144":16,"145":16,"146":16,"147":16,"148":16,"149":16,"150":1,"151":15,"152":15,"153":15,"154":15,"155":15,"156":0,"157":90,"158":15,"159":15,"160":15,"161":2,"162":15,"163":14,"164":22,"165":8,"166":0,"167":8,"168":8,"169":0,"170":14,"171":15,"172":0,"173":0,"174":0,"175":1,"176":1,"177":3,"178":22,"179":22,"180":22,"181":22,"182":22,"183":22,"184":0,"185":22,"186":22,"187":22,"188":22,"189":22,"190":0,"191":14,"192":14,"193":14,"194":14,"195":1,"196":1,"197":0,"198":1,"199":3,"200":1,"201":4,"202":4,"203":1,"204":3,"205":3,"206":4,"207":5,"208":3,"209":3,"210":3,"211":3,"212":3,"213":5,"214":2,"215":0,"216":0,"217":0,"218":45,"219":1,"220":4,"221":1},"f":{"0":48,"1":7,"2":8,"3":37,"4":40,"5":37,"6":38,"7":235,"8":245,"9":166,"10":245,"11":31,"12":14,"13":1,"14":0,"15":48,"16":15,"17":15,"18":15,"19":0,"20":0,"21":0,"22":0,"23":1,"24":1,"25":1,"26":38,"27":38,"28":53,"29":14,"30":14,"31":120,"32":37,"33":22,"34":3,"35":1,"36":3,"37":1,"38":231,"39":16,"40":22,"41":37,"42":8,"43":48,"44":48,"45":16,"46":90,"47":15,"48":14,"49":22,"50":0,"51":1,"52":3,"53":22,"54":14,"55":1,"56":1,"57":3,"58":4,"59":5,"60":5,"61":2,"62":0,"63":0,"64":0,"65":45,"66":4},"b":{"0":[12,223],"1":[22,223],"2":[22,0],"3":[12,10],"4":[0],"5":[120,103],"6":[223,120],"7":[14],"8":[29,2],"9":[28],"10":[7],"11":[28,11],"12":[7],"13":[15],"14":[15],"15":[0],"16":[22],"17":[0,22],"18":[14],"19":[1],"20":[1],"21":[1],"22":[2],"23":[2],"24":[15,2],"25":[8],"26":[0],"27":[14,2],"28":[6,9],"29":[15,15],"30":[0],"31":[0,0],"32":[0],"33":[1]}}
}
