TN:
SF:src/helpers.ts
FN:8,formatError
FN:12,getErrorMessage
FNF:2
FNH:2
FNDA:1,formatError
FNDA:2,getErrorMessage
DA:9,1
DA:13,2
DA:16,1
LF:3
LH:3
BRF:0
BRH:0
end_of_record
TN:
SF:src/index.ts
FN:8,(anonymous_0)
FN:8,(anonymous_1)
FNF:2
FNH:2
FNDA:45,(anonymous_0)
FNDA:3,(anonymous_1)
DA:1,1
DA:8,46
LF:2
LH:2
BRF:0
BRH:0
end_of_record
TN:
SF:src/statemanjs.ts
FN:16,(anonymous_9)
FN:100,(anonymous_10)
FN:104,(anonymous_11)
FN:108,(anonymous_12)
FN:113,(anonymous_13)
FN:118,(anonymous_14)
FN:123,(anonymous_15)
FN:132,(anonymous_16)
FN:144,(anonymous_17)
FN:188,(anonymous_18)
FN:190,(anonymous_19)
FN:193,(anonymous_20)
FN:205,(anonymous_21)
FN:219,(anonymous_22)
FN:222,(anonymous_23)
FN:232,(anonymous_24)
FN:240,(anonymous_25)
FN:250,(anonymous_26)
FN:260,(anonymous_27)
FN:272,(anonymous_28)
FN:280,(anonymous_29)
FN:283,(anonymous_30)
FN:286,(anonymous_31)
FN:295,(anonymous_32)
FN:297,(anonymous_33)
FN:300,(anonymous_34)
FN:305,(anonymous_35)
FN:310,(anonymous_36)
FN:315,(anonymous_37)
FN:320,(anonymous_38)
FN:325,(anonymous_39)
FN:330,(anonymous_40)
FN:335,(anonymous_41)
FN:339,(anonymous_42)
FN:369,(anonymous_43)
FN:374,(anonymous_44)
FN:376,(anonymous_45)
FN:378,(anonymous_46)
FN:382,(anonymous_47)
FN:386,(anonymous_48)
FN:390,(anonymous_49)
FN:394,(anonymous_50)
FN:398,(anonymous_51)
FN:410,_createStatemanjsBase
FN:415,(anonymous_53)
FN:450,(anonymous_54)
FN:478,(anonymous_55)
FN:496,(anonymous_56)
FN:513,(anonymous_57)
FN:514,(anonymous_58)
FN:545,(anonymous_59)
FN:558,(anonymous_60)
FN:567,(anonymous_61)
FN:575,(anonymous_62)
FN:603,(anonymous_63)
FN:617,(anonymous_64)
FN:636,(anonymous_66)
FN:637,(anonymous_67)
FN:643,(anonymous_68)
FN:655,(anonymous_69)
FN:674,(anonymous_70)
FN:692,(anonymous_71)
FN:700,(anonymous_72)
FN:708,(anonymous_73)
FN:716,(anonymous_74)
FN:721,createState
FN:725,createComputedState
FNF:67
FNH:58
FNDA:48,(anonymous_9)
FNDA:7,(anonymous_10)
FNDA:8,(anonymous_11)
FNDA:37,(anonymous_12)
FNDA:40,(anonymous_13)
FNDA:37,(anonymous_14)
FNDA:38,(anonymous_15)
FNDA:235,(anonymous_16)
FNDA:245,(anonymous_17)
FNDA:166,(anonymous_18)
FNDA:245,(anonymous_19)
FNDA:31,(anonymous_20)
FNDA:14,(anonymous_21)
FNDA:1,(anonymous_22)
FNDA:0,(anonymous_23)
FNDA:48,(anonymous_24)
FNDA:15,(anonymous_25)
FNDA:15,(anonymous_26)
FNDA:15,(anonymous_27)
FNDA:0,(anonymous_28)
FNDA:0,(anonymous_29)
FNDA:0,(anonymous_30)
FNDA:0,(anonymous_31)
FNDA:1,(anonymous_32)
FNDA:1,(anonymous_33)
FNDA:1,(anonymous_34)
FNDA:38,(anonymous_35)
FNDA:38,(anonymous_36)
FNDA:53,(anonymous_37)
FNDA:14,(anonymous_38)
FNDA:14,(anonymous_39)
FNDA:120,(anonymous_40)
FNDA:37,(anonymous_41)
FNDA:22,(anonymous_42)
FNDA:3,(anonymous_43)
FNDA:1,(anonymous_44)
FNDA:3,(anonymous_45)
FNDA:1,(anonymous_46)
FNDA:231,(anonymous_47)
FNDA:16,(anonymous_48)
FNDA:22,(anonymous_49)
FNDA:37,(anonymous_50)
FNDA:8,(anonymous_51)
FNDA:48,_createStatemanjsBase
FNDA:48,(anonymous_53)
FNDA:16,(anonymous_54)
FNDA:90,(anonymous_55)
FNDA:15,(anonymous_56)
FNDA:14,(anonymous_57)
FNDA:22,(anonymous_58)
FNDA:0,(anonymous_59)
FNDA:1,(anonymous_60)
FNDA:3,(anonymous_61)
FNDA:22,(anonymous_62)
FNDA:14,(anonymous_63)
FNDA:1,(anonymous_64)
FNDA:1,(anonymous_66)
FNDA:3,(anonymous_67)
FNDA:4,(anonymous_68)
FNDA:5,(anonymous_69)
FNDA:5,(anonymous_70)
FNDA:2,(anonymous_71)
FNDA:0,(anonymous_72)
FNDA:0,(anonymous_73)
FNDA:0,(anonymous_74)
FNDA:45,createState
FNDA:4,createComputedState
DA:13,1
DA:18,48
DA:19,48
DA:20,48
DA:21,48
DA:22,48
DA:23,48
DA:24,48
DA:25,48
DA:26,48
DA:27,48
DA:28,48
DA:30,48
DA:31,48
DA:33,48
DA:34,48
DA:35,48
DA:36,48
DA:37,48
DA:38,48
DA:39,48
DA:40,48
DA:41,48
DA:42,48
DA:43,48
DA:45,48
DA:47,48
DA:49,48
DA:50,48
DA:51,48
DA:54,48
DA:56,48
DA:59,48
DA:62,48
DA:65,48
DA:71,48
DA:77,48
DA:82,48
DA:98,48
DA:101,7
DA:105,8
DA:109,37
DA:114,40
DA:119,37
DA:124,38
DA:133,235
DA:145,245
DA:147,22
DA:148,22
DA:149,12
DA:150,12
DA:151,12
DA:156,10
DA:161,0
DA:162,0
DA:164,0
DA:166,0
DA:171,223
DA:172,120
DA:173,14
DA:176,106
DA:178,106
DA:183,103
DA:189,166
DA:191,245
DA:194,31
DA:195,29
DA:196,28
DA:197,28
DA:199,28
DA:203,7
DA:205,14
DA:206,7
DA:208,7
DA:209,7
DA:214,29
DA:216,2
DA:220,1
DA:223,0
DA:233,48
DA:241,15
DA:251,15
DA:252,15
DA:253,15
DA:256,0
DA:261,15
DA:262,15
DA:264,15
DA:273,0
DA:281,0
DA:282,0
DA:283,0
DA:285,0
DA:286,0
DA:296,1
DA:297,1
DA:299,1
DA:300,1
DA:306,38
DA:311,38
DA:316,53
DA:321,14
DA:326,14
DA:331,120
DA:336,37
DA:337,22
DA:339,22
DA:340,22
DA:341,22
DA:342,0
DA:344,22
DA:345,14
DA:349,1
DA:351,1
DA:359,22
DA:360,1
DA:370,3
DA:375,1
DA:376,3
DA:378,1
DA:383,231
DA:387,16
DA:391,22
DA:395,37
DA:399,8
DA:400,8
DA:401,7
DA:402,1
DA:406,7
DA:411,48
DA:417,48
DA:418,48
DA:419,48
DA:420,48
DA:421,48
DA:423,48
DA:424,48
DA:427,48
DA:430,48
DA:436,48
DA:442,48
DA:451,16
DA:452,16
DA:453,16
DA:454,16
DA:455,16
DA:457,16
DA:458,1
DA:461,15
DA:462,15
DA:463,15
DA:464,15
DA:466,15
DA:468,0
DA:479,90
DA:500,15
DA:502,15
DA:504,15
DA:508,2
DA:511,15
DA:513,14
DA:515,22
DA:516,8
DA:517,0
DA:522,8
DA:523,8
DA:528,0
DA:537,14
DA:545,15
DA:546,0
DA:550,0
DA:553,0
DA:559,1
DA:560,1
DA:568,3
DA:576,22
DA:577,22
DA:578,22
DA:579,22
DA:580,22
DA:582,22
DA:583,0
DA:586,22
DA:587,22
DA:588,22
DA:589,22
DA:591,22
DA:593,0
DA:604,14
DA:605,14
DA:606,14
DA:608,14
DA:620,1
DA:621,1
DA:623,0
DA:637,3
DA:638,1
DA:647,4
DA:648,1
DA:651,3
DA:653,3
DA:654,4
DA:656,5
DA:663,3
DA:664,3
DA:665,3
DA:666,3
DA:668,3
DA:671,4
DA:675,5
DA:696,2
DA:701,0
DA:709,0
DA:717,0
DA:721,1
DA:722,45
DA:725,1
DA:729,4
LF:218
LH:193
BRDA:133,0,0,12
BRDA:133,0,1,223
BRDA:145,1,0,22
BRDA:145,1,1,223
BRDA:147,2,0,22
BRDA:147,2,1,0
BRDA:148,3,0,12
BRDA:148,3,1,10
BRDA:161,4,0,0
BRDA:171,5,0,120
BRDA:171,5,1,103
BRDA:171,6,0,223
BRDA:171,6,1,120
BRDA:172,7,0,14
BRDA:194,8,0,29
BRDA:194,8,1,2
BRDA:195,9,0,28
BRDA:199,10,0,7
BRDA:200,11,0,28
BRDA:200,11,1,11
BRDA:208,12,0,7
BRDA:250,13,0,15
BRDA:252,14,0,15
BRDA:281,15,0,0
BRDA:336,16,0,22
BRDA:341,17,0,0
BRDA:341,17,1,22
BRDA:344,18,0,14
BRDA:359,19,0,1
BRDA:401,20,0,1
BRDA:457,21,0,1
BRDA:498,22,0,2
BRDA:504,23,0,2
BRDA:505,24,0,15
BRDA:505,24,1,2
BRDA:515,25,0,8
BRDA:516,26,0,0
BRDA:538,27,0,14
BRDA:538,27,1,2
BRDA:542,28,0,6
BRDA:542,28,1,9
BRDA:542,29,0,15
BRDA:542,29,1,15
BRDA:546,30,0,0
BRDA:547,31,0,0
BRDA:547,31,1,0
BRDA:582,32,0,0
BRDA:647,33,0,1
BRF:48
BRH:39
end_of_record
