<?xml version="1.0" encoding="UTF-8"?>
<coverage generated="1689980157741" clover="3.2.0">
  <project timestamp="1689980157741" name="All files">
    <metrics statements="223" coveredstatements="198" conditionals="48" coveredconditionals="39" methods="71" coveredmethods="62" elements="342" coveredelements="299" complexity="0" loc="223" ncloc="223" packages="1" files="3" classes="3"/>
    <file name="helpers.ts" path="/Users/dmtrshat/Dev/Private/statemanjs/packages/statemanjs/src/helpers.ts">
      <metrics statements="3" coveredstatements="3" conditionals="0" coveredconditionals="0" methods="2" coveredmethods="2"/>
      <line num="9" count="1" type="stmt"/>
      <line num="13" count="2" type="stmt"/>
      <line num="16" count="1" type="stmt"/>
    </file>
    <file name="index.ts" path="/Users/dmtrshat/Dev/Private/statemanjs/packages/statemanjs/src/index.ts">
      <metrics statements="2" coveredstatements="2" conditionals="0" coveredconditionals="0" methods="2" coveredmethods="2"/>
      <line num="1" count="1" type="stmt"/>
      <line num="8" count="46" type="stmt"/>
    </file>
    <file name="statemanjs.ts" path="/Users/dmtrshat/Dev/Private/statemanjs/packages/statemanjs/src/statemanjs.ts">
      <metrics statements="218" coveredstatements="193" conditionals="48" coveredconditionals="39" methods="67" coveredmethods="58"/>
      <line num="13" count="1" type="stmt"/>
      <line num="18" count="48" type="stmt"/>
      <line num="19" count="48" type="stmt"/>
      <line num="20" count="48" type="stmt"/>
      <line num="21" count="48" type="stmt"/>
      <line num="22" count="48" type="stmt"/>
      <line num="23" count="48" type="stmt"/>
      <line num="24" count="48" type="stmt"/>
      <line num="25" count="48" type="stmt"/>
      <line num="26" count="48" type="stmt"/>
      <line num="27" count="48" type="stmt"/>
      <line num="28" count="48" type="stmt"/>
      <line num="30" count="48" type="stmt"/>
      <line num="31" count="48" type="stmt"/>
      <line num="33" count="48" type="stmt"/>
      <line num="34" count="48" type="stmt"/>
      <line num="35" count="48" type="stmt"/>
      <line num="36" count="48" type="stmt"/>
      <line num="37" count="48" type="stmt"/>
      <line num="38" count="48" type="stmt"/>
      <line num="39" count="48" type="stmt"/>
      <line num="40" count="48" type="stmt"/>
      <line num="41" count="48" type="stmt"/>
      <line num="42" count="48" type="stmt"/>
      <line num="43" count="48" type="stmt"/>
      <line num="45" count="48" type="stmt"/>
      <line num="47" count="48" type="stmt"/>
      <line num="49" count="48" type="stmt"/>
      <line num="50" count="48" type="stmt"/>
      <line num="51" count="48" type="stmt"/>
      <line num="54" count="48" type="stmt"/>
      <line num="56" count="48" type="stmt"/>
      <line num="59" count="48" type="stmt"/>
      <line num="62" count="48" type="stmt"/>
      <line num="65" count="48" type="stmt"/>
      <line num="71" count="48" type="stmt"/>
      <line num="77" count="48" type="stmt"/>
      <line num="82" count="48" type="stmt"/>
      <line num="98" count="48" type="stmt"/>
      <line num="101" count="7" type="stmt"/>
      <line num="105" count="8" type="stmt"/>
      <line num="109" count="37" type="stmt"/>
      <line num="114" count="40" type="stmt"/>
      <line num="119" count="37" type="stmt"/>
      <line num="124" count="38" type="stmt"/>
      <line num="133" count="235" type="cond" truecount="2" falsecount="0"/>
      <line num="145" count="245" type="cond" truecount="2" falsecount="0"/>
      <line num="147" count="22" type="cond" truecount="1" falsecount="1"/>
      <line num="148" count="22" type="cond" truecount="2" falsecount="0"/>
      <line num="149" count="12" type="stmt"/>
      <line num="150" count="12" type="stmt"/>
      <line num="151" count="12" type="stmt"/>
      <line num="156" count="10" type="stmt"/>
      <line num="161" count="0" type="cond" truecount="0" falsecount="1"/>
      <line num="162" count="0" type="stmt"/>
      <line num="164" count="0" type="stmt"/>
      <line num="166" count="0" type="stmt"/>
      <line num="171" count="223" type="cond" truecount="4" falsecount="0"/>
      <line num="172" count="120" type="cond" truecount="1" falsecount="0"/>
      <line num="173" count="14" type="stmt"/>
      <line num="176" count="106" type="stmt"/>
      <line num="178" count="106" type="stmt"/>
      <line num="183" count="103" type="stmt"/>
      <line num="189" count="166" type="stmt"/>
      <line num="191" count="245" type="stmt"/>
      <line num="194" count="31" type="cond" truecount="2" falsecount="0"/>
      <line num="195" count="29" type="cond" truecount="1" falsecount="0"/>
      <line num="196" count="28" type="stmt"/>
      <line num="197" count="28" type="stmt"/>
      <line num="199" count="28" type="cond" truecount="1" falsecount="0"/>
      <line num="203" count="7" type="stmt"/>
      <line num="205" count="14" type="stmt"/>
      <line num="206" count="7" type="stmt"/>
      <line num="208" count="7" type="cond" truecount="1" falsecount="0"/>
      <line num="209" count="7" type="stmt"/>
      <line num="214" count="29" type="stmt"/>
      <line num="216" count="2" type="stmt"/>
      <line num="220" count="1" type="stmt"/>
      <line num="223" count="0" type="stmt"/>
      <line num="233" count="48" type="stmt"/>
      <line num="241" count="15" type="stmt"/>
      <line num="251" count="15" type="stmt"/>
      <line num="252" count="15" type="cond" truecount="1" falsecount="0"/>
      <line num="253" count="15" type="stmt"/>
      <line num="256" count="0" type="stmt"/>
      <line num="261" count="15" type="stmt"/>
      <line num="262" count="15" type="stmt"/>
      <line num="264" count="15" type="stmt"/>
      <line num="273" count="0" type="stmt"/>
      <line num="281" count="0" type="cond" truecount="0" falsecount="1"/>
      <line num="282" count="0" type="stmt"/>
      <line num="283" count="0" type="stmt"/>
      <line num="285" count="0" type="stmt"/>
      <line num="286" count="0" type="stmt"/>
      <line num="296" count="1" type="stmt"/>
      <line num="297" count="1" type="stmt"/>
      <line num="299" count="1" type="stmt"/>
      <line num="300" count="1" type="stmt"/>
      <line num="306" count="38" type="stmt"/>
      <line num="311" count="38" type="stmt"/>
      <line num="316" count="53" type="stmt"/>
      <line num="321" count="14" type="stmt"/>
      <line num="326" count="14" type="stmt"/>
      <line num="331" count="120" type="stmt"/>
      <line num="336" count="37" type="cond" truecount="1" falsecount="0"/>
      <line num="337" count="22" type="stmt"/>
      <line num="339" count="22" type="stmt"/>
      <line num="340" count="22" type="stmt"/>
      <line num="341" count="22" type="cond" truecount="1" falsecount="1"/>
      <line num="342" count="0" type="stmt"/>
      <line num="344" count="22" type="cond" truecount="1" falsecount="0"/>
      <line num="345" count="14" type="stmt"/>
      <line num="349" count="1" type="stmt"/>
      <line num="351" count="1" type="stmt"/>
      <line num="359" count="22" type="cond" truecount="1" falsecount="0"/>
      <line num="360" count="1" type="stmt"/>
      <line num="370" count="3" type="stmt"/>
      <line num="375" count="1" type="stmt"/>
      <line num="376" count="3" type="stmt"/>
      <line num="378" count="1" type="stmt"/>
      <line num="383" count="231" type="stmt"/>
      <line num="387" count="16" type="stmt"/>
      <line num="391" count="22" type="stmt"/>
      <line num="395" count="37" type="stmt"/>
      <line num="399" count="8" type="stmt"/>
      <line num="400" count="8" type="stmt"/>
      <line num="401" count="7" type="cond" truecount="1" falsecount="0"/>
      <line num="402" count="1" type="stmt"/>
      <line num="406" count="7" type="stmt"/>
      <line num="411" count="48" type="stmt"/>
      <line num="417" count="48" type="stmt"/>
      <line num="418" count="48" type="stmt"/>
      <line num="419" count="48" type="stmt"/>
      <line num="420" count="48" type="stmt"/>
      <line num="421" count="48" type="stmt"/>
      <line num="423" count="48" type="stmt"/>
      <line num="424" count="48" type="stmt"/>
      <line num="427" count="48" type="stmt"/>
      <line num="430" count="48" type="stmt"/>
      <line num="436" count="48" type="stmt"/>
      <line num="442" count="48" type="stmt"/>
      <line num="451" count="16" type="stmt"/>
      <line num="452" count="16" type="stmt"/>
      <line num="453" count="16" type="stmt"/>
      <line num="454" count="16" type="stmt"/>
      <line num="455" count="16" type="stmt"/>
      <line num="457" count="16" type="cond" truecount="1" falsecount="0"/>
      <line num="458" count="1" type="stmt"/>
      <line num="461" count="15" type="stmt"/>
      <line num="462" count="15" type="stmt"/>
      <line num="463" count="15" type="stmt"/>
      <line num="464" count="15" type="stmt"/>
      <line num="466" count="15" type="stmt"/>
      <line num="468" count="0" type="stmt"/>
      <line num="479" count="90" type="stmt"/>
      <line num="500" count="15" type="stmt"/>
      <line num="502" count="15" type="stmt"/>
      <line num="504" count="15" type="cond" truecount="1" falsecount="0"/>
      <line num="508" count="2" type="stmt"/>
      <line num="511" count="15" type="stmt"/>
      <line num="513" count="14" type="stmt"/>
      <line num="515" count="22" type="cond" truecount="1" falsecount="0"/>
      <line num="516" count="8" type="cond" truecount="0" falsecount="1"/>
      <line num="517" count="0" type="stmt"/>
      <line num="522" count="8" type="stmt"/>
      <line num="523" count="8" type="stmt"/>
      <line num="528" count="0" type="stmt"/>
      <line num="537" count="14" type="stmt"/>
      <line num="545" count="15" type="stmt"/>
      <line num="546" count="0" type="cond" truecount="0" falsecount="1"/>
      <line num="550" count="0" type="stmt"/>
      <line num="553" count="0" type="stmt"/>
      <line num="559" count="1" type="stmt"/>
      <line num="560" count="1" type="stmt"/>
      <line num="568" count="3" type="stmt"/>
      <line num="576" count="22" type="stmt"/>
      <line num="577" count="22" type="stmt"/>
      <line num="578" count="22" type="stmt"/>
      <line num="579" count="22" type="stmt"/>
      <line num="580" count="22" type="stmt"/>
      <line num="582" count="22" type="cond" truecount="0" falsecount="1"/>
      <line num="583" count="0" type="stmt"/>
      <line num="586" count="22" type="stmt"/>
      <line num="587" count="22" type="stmt"/>
      <line num="588" count="22" type="stmt"/>
      <line num="589" count="22" type="stmt"/>
      <line num="591" count="22" type="stmt"/>
      <line num="593" count="0" type="stmt"/>
      <line num="604" count="14" type="stmt"/>
      <line num="605" count="14" type="stmt"/>
      <line num="606" count="14" type="stmt"/>
      <line num="608" count="14" type="stmt"/>
      <line num="620" count="1" type="stmt"/>
      <line num="621" count="1" type="stmt"/>
      <line num="623" count="0" type="stmt"/>
      <line num="637" count="3" type="stmt"/>
      <line num="638" count="1" type="stmt"/>
      <line num="647" count="4" type="cond" truecount="1" falsecount="0"/>
      <line num="648" count="1" type="stmt"/>
      <line num="651" count="3" type="stmt"/>
      <line num="653" count="3" type="stmt"/>
      <line num="654" count="4" type="stmt"/>
      <line num="656" count="5" type="stmt"/>
      <line num="663" count="3" type="stmt"/>
      <line num="664" count="3" type="stmt"/>
      <line num="665" count="3" type="stmt"/>
      <line num="666" count="3" type="stmt"/>
      <line num="668" count="3" type="stmt"/>
      <line num="671" count="4" type="stmt"/>
      <line num="675" count="5" type="stmt"/>
      <line num="696" count="2" type="stmt"/>
      <line num="701" count="0" type="stmt"/>
      <line num="709" count="0" type="stmt"/>
      <line num="717" count="0" type="stmt"/>
      <line num="721" count="1" type="stmt"/>
      <line num="722" count="45" type="stmt"/>
      <line num="725" count="1" type="stmt"/>
      <line num="729" count="4" type="stmt"/>
    </file>
  </project>
</coverage>
