TN:
SF:src/statemanjs/helpers.ts
FN:8,formatError
FN:12,getErrorMessage
FNF:2
FNH:2
FNDA:1,formatError
FNDA:2,getErrorMessage
DA:9,1
DA:13,2
DA:16,1
LF:3
LH:3
BRF:0
BRH:0
end_of_record
TN:
SF:src/statemanjs/index.ts
FN:8,(anonymous_0)
FN:8,(anonymous_1)
FNF:2
FNH:2
FNDA:45,(anonymous_0)
FNDA:3,(anonymous_1)
DA:1,1
DA:8,46
LF:2
LH:2
BRF:0
BRH:0
end_of_record
TN:
SF:src/statemanjs/statemanjs.ts
FN:17,(anonymous_9)
FN:101,(anonymous_10)
FN:105,(anonymous_11)
FN:109,(anonymous_12)
FN:114,(anonymous_13)
FN:119,(anonymous_14)
FN:124,(anonymous_15)
FN:133,(anonymous_16)
FN:145,(anonymous_17)
FN:189,(anonymous_18)
FN:191,(anonymous_19)
FN:194,(anonymous_20)
FN:206,(anonymous_21)
FN:220,(anonymous_22)
FN:223,(anonymous_23)
FN:233,(anonymous_24)
FN:241,(anonymous_25)
FN:251,(anonymous_26)
FN:261,(anonymous_27)
FN:273,(anonymous_28)
FN:281,(anonymous_29)
FN:284,(anonymous_30)
FN:287,(anonymous_31)
FN:296,(anonymous_32)
FN:298,(anonymous_33)
FN:301,(anonymous_34)
FN:306,(anonymous_35)
FN:311,(anonymous_36)
FN:316,(anonymous_37)
FN:321,(anonymous_38)
FN:326,(anonymous_39)
FN:331,(anonymous_40)
FN:336,(anonymous_41)
FN:340,(anonymous_42)
FN:370,(anonymous_43)
FN:375,(anonymous_44)
FN:377,(anonymous_45)
FN:379,(anonymous_46)
FN:383,(anonymous_47)
FN:387,(anonymous_48)
FN:391,(anonymous_49)
FN:395,(anonymous_50)
FN:399,(anonymous_51)
FN:411,_createStatemanjsBase
FN:416,(anonymous_53)
FN:451,(anonymous_54)
FN:479,(anonymous_55)
FN:497,(anonymous_56)
FN:514,(anonymous_57)
FN:515,(anonymous_58)
FN:546,(anonymous_59)
FN:559,(anonymous_60)
FN:568,(anonymous_61)
FN:576,(anonymous_62)
FN:604,(anonymous_63)
FN:618,(anonymous_64)
FN:637,(anonymous_66)
FN:638,(anonymous_67)
FN:644,(anonymous_68)
FN:656,(anonymous_69)
FN:675,(anonymous_70)
FN:693,(anonymous_71)
FN:701,(anonymous_72)
FN:709,(anonymous_73)
FN:717,(anonymous_74)
FN:722,createState
FN:726,createComputedState
FNF:67
FNH:58
FNDA:48,(anonymous_9)
FNDA:7,(anonymous_10)
FNDA:8,(anonymous_11)
FNDA:37,(anonymous_12)
FNDA:40,(anonymous_13)
FNDA:37,(anonymous_14)
FNDA:38,(anonymous_15)
FNDA:235,(anonymous_16)
FNDA:245,(anonymous_17)
FNDA:166,(anonymous_18)
FNDA:245,(anonymous_19)
FNDA:31,(anonymous_20)
FNDA:14,(anonymous_21)
FNDA:1,(anonymous_22)
FNDA:0,(anonymous_23)
FNDA:48,(anonymous_24)
FNDA:15,(anonymous_25)
FNDA:15,(anonymous_26)
FNDA:15,(anonymous_27)
FNDA:0,(anonymous_28)
FNDA:0,(anonymous_29)
FNDA:0,(anonymous_30)
FNDA:0,(anonymous_31)
FNDA:1,(anonymous_32)
FNDA:1,(anonymous_33)
FNDA:1,(anonymous_34)
FNDA:38,(anonymous_35)
FNDA:38,(anonymous_36)
FNDA:53,(anonymous_37)
FNDA:14,(anonymous_38)
FNDA:14,(anonymous_39)
FNDA:120,(anonymous_40)
FNDA:37,(anonymous_41)
FNDA:22,(anonymous_42)
FNDA:3,(anonymous_43)
FNDA:1,(anonymous_44)
FNDA:3,(anonymous_45)
FNDA:1,(anonymous_46)
FNDA:231,(anonymous_47)
FNDA:16,(anonymous_48)
FNDA:22,(anonymous_49)
FNDA:37,(anonymous_50)
FNDA:8,(anonymous_51)
FNDA:48,_createStatemanjsBase
FNDA:48,(anonymous_53)
FNDA:16,(anonymous_54)
FNDA:90,(anonymous_55)
FNDA:15,(anonymous_56)
FNDA:14,(anonymous_57)
FNDA:22,(anonymous_58)
FNDA:0,(anonymous_59)
FNDA:1,(anonymous_60)
FNDA:3,(anonymous_61)
FNDA:22,(anonymous_62)
FNDA:14,(anonymous_63)
FNDA:1,(anonymous_64)
FNDA:1,(anonymous_66)
FNDA:3,(anonymous_67)
FNDA:4,(anonymous_68)
FNDA:5,(anonymous_69)
FNDA:5,(anonymous_70)
FNDA:2,(anonymous_71)
FNDA:0,(anonymous_72)
FNDA:0,(anonymous_73)
FNDA:0,(anonymous_74)
FNDA:45,createState
FNDA:4,createComputedState
DA:14,1
DA:19,48
DA:20,48
DA:21,48
DA:22,48
DA:23,48
DA:24,48
DA:25,48
DA:26,48
DA:27,48
DA:28,48
DA:29,48
DA:31,48
DA:32,48
DA:34,48
DA:35,48
DA:36,48
DA:37,48
DA:38,48
DA:39,48
DA:40,48
DA:41,48
DA:42,48
DA:43,48
DA:44,48
DA:46,48
DA:48,48
DA:50,48
DA:51,48
DA:52,48
DA:55,48
DA:57,48
DA:60,48
DA:63,48
DA:66,48
DA:72,48
DA:78,48
DA:83,48
DA:99,48
DA:102,7
DA:106,8
DA:110,37
DA:115,40
DA:120,37
DA:125,38
DA:134,235
DA:146,245
DA:148,22
DA:149,22
DA:150,12
DA:151,12
DA:152,12
DA:157,10
DA:162,0
DA:163,0
DA:165,0
DA:167,0
DA:172,223
DA:173,120
DA:174,14
DA:177,106
DA:179,106
DA:184,103
DA:190,166
DA:192,245
DA:195,31
DA:196,29
DA:197,28
DA:198,28
DA:200,28
DA:204,7
DA:206,14
DA:207,7
DA:209,7
DA:210,7
DA:215,29
DA:217,2
DA:221,1
DA:224,0
DA:234,48
DA:242,15
DA:252,15
DA:253,15
DA:254,15
DA:257,0
DA:262,15
DA:263,15
DA:265,15
DA:274,0
DA:282,0
DA:283,0
DA:284,0
DA:286,0
DA:287,0
DA:297,1
DA:298,1
DA:300,1
DA:301,1
DA:307,38
DA:312,38
DA:317,53
DA:322,14
DA:327,14
DA:332,120
DA:337,37
DA:338,22
DA:340,22
DA:341,22
DA:342,22
DA:343,0
DA:345,22
DA:346,14
DA:350,1
DA:352,1
DA:360,22
DA:361,1
DA:371,3
DA:376,1
DA:377,3
DA:379,1
DA:384,231
DA:388,16
DA:392,22
DA:396,37
DA:400,8
DA:401,8
DA:402,7
DA:403,1
DA:407,7
DA:412,48
DA:418,48
DA:419,48
DA:420,48
DA:421,48
DA:422,48
DA:424,48
DA:425,48
DA:428,48
DA:431,48
DA:437,48
DA:443,48
DA:452,16
DA:453,16
DA:454,16
DA:455,16
DA:456,16
DA:458,16
DA:459,1
DA:462,15
DA:463,15
DA:464,15
DA:465,15
DA:467,15
DA:469,0
DA:480,90
DA:501,15
DA:503,15
DA:505,15
DA:509,2
DA:512,15
DA:514,14
DA:516,22
DA:517,8
DA:518,0
DA:523,8
DA:524,8
DA:529,0
DA:538,14
DA:546,15
DA:547,0
DA:551,0
DA:554,0
DA:560,1
DA:561,1
DA:569,3
DA:577,22
DA:578,22
DA:579,22
DA:580,22
DA:581,22
DA:583,22
DA:584,0
DA:587,22
DA:588,22
DA:589,22
DA:590,22
DA:592,22
DA:594,0
DA:605,14
DA:606,14
DA:607,14
DA:609,14
DA:621,1
DA:622,1
DA:624,0
DA:638,3
DA:639,1
DA:648,4
DA:649,1
DA:652,3
DA:654,3
DA:655,4
DA:657,5
DA:664,3
DA:665,3
DA:666,3
DA:667,3
DA:669,3
DA:672,4
DA:676,5
DA:697,2
DA:702,0
DA:710,0
DA:718,0
DA:722,1
DA:723,45
DA:726,1
DA:730,4
LF:218
LH:193
BRDA:134,0,0,12
BRDA:134,0,1,223
BRDA:146,1,0,22
BRDA:146,1,1,223
BRDA:148,2,0,22
BRDA:148,2,1,0
BRDA:149,3,0,12
BRDA:149,3,1,10
BRDA:162,4,0,0
BRDA:172,5,0,120
BRDA:172,5,1,103
BRDA:172,6,0,223
BRDA:172,6,1,120
BRDA:173,7,0,14
BRDA:195,8,0,29
BRDA:195,8,1,2
BRDA:196,9,0,28
BRDA:200,10,0,7
BRDA:201,11,0,28
BRDA:201,11,1,11
BRDA:209,12,0,7
BRDA:251,13,0,15
BRDA:253,14,0,15
BRDA:282,15,0,0
BRDA:337,16,0,22
BRDA:342,17,0,0
BRDA:342,17,1,22
BRDA:345,18,0,14
BRDA:360,19,0,1
BRDA:402,20,0,1
BRDA:458,21,0,1
BRDA:499,22,0,2
BRDA:505,23,0,2
BRDA:506,24,0,15
BRDA:506,24,1,2
BRDA:516,25,0,8
BRDA:517,26,0,0
BRDA:539,27,0,14
BRDA:539,27,1,2
BRDA:543,28,0,6
BRDA:543,28,1,9
BRDA:543,29,0,15
BRDA:543,29,1,15
BRDA:547,30,0,0
BRDA:548,31,0,0
BRDA:548,31,1,0
BRDA:583,32,0,0
BRDA:648,33,0,1
BRF:48
BRH:39
end_of_record
